mode: set
kr/paasta/monitoring/openstack/controller/alarm_notification_controller.go:21.116,26.2 1 1
kr/paasta/monitoring/openstack/controller/alarm_notification_controller.go:28.97,36.32 5 1
kr/paasta/monitoring/openstack/controller/alarm_notification_controller.go:39.2,39.31 1 1
kr/paasta/monitoring/openstack/controller/alarm_notification_controller.go:42.2,49.16 4 1
kr/paasta/monitoring/openstack/controller/alarm_notification_controller.go:36.32,38.3 1 0
kr/paasta/monitoring/openstack/controller/alarm_notification_controller.go:39.31,41.3 1 0
kr/paasta/monitoring/openstack/controller/alarm_notification_controller.go:49.16,51.3 1 0
kr/paasta/monitoring/openstack/controller/alarm_notification_controller.go:51.3,53.3 1 1
kr/paasta/monitoring/openstack/controller/alarm_notification_controller.go:57.96,63.16 4 0
kr/paasta/monitoring/openstack/controller/alarm_notification_controller.go:69.2,76.23 6 0
kr/paasta/monitoring/openstack/controller/alarm_notification_controller.go:81.2,86.20 4 0
kr/paasta/monitoring/openstack/controller/alarm_notification_controller.go:63.16,67.3 3 0
kr/paasta/monitoring/openstack/controller/alarm_notification_controller.go:76.23,80.3 3 0
kr/paasta/monitoring/openstack/controller/alarm_notification_controller.go:86.20,88.3 1 0
kr/paasta/monitoring/openstack/controller/alarm_notification_controller.go:88.3,90.3 1 0
kr/paasta/monitoring/openstack/controller/alarm_notification_controller.go:94.96,98.16 3 0
kr/paasta/monitoring/openstack/controller/alarm_notification_controller.go:104.2,111.23 6 0
kr/paasta/monitoring/openstack/controller/alarm_notification_controller.go:117.2,122.20 4 0
kr/paasta/monitoring/openstack/controller/alarm_notification_controller.go:98.16,102.3 3 0
kr/paasta/monitoring/openstack/controller/alarm_notification_controller.go:111.23,115.3 3 0
kr/paasta/monitoring/openstack/controller/alarm_notification_controller.go:122.20,124.3 1 0
kr/paasta/monitoring/openstack/controller/alarm_notification_controller.go:124.3,126.3 1 0
kr/paasta/monitoring/openstack/controller/alarm_notification_controller.go:130.96,135.16 4 0
kr/paasta/monitoring/openstack/controller/alarm_notification_controller.go:135.16,137.3 1 0
kr/paasta/monitoring/openstack/controller/alarm_notification_controller.go:137.3,139.3 1 0
kr/paasta/monitoring/openstack/controller/alarm_notification_controller.go:142.71,144.27 1 0
kr/paasta/monitoring/openstack/controller/alarm_notification_controller.go:148.2,148.30 1 0
kr/paasta/monitoring/openstack/controller/alarm_notification_controller.go:151.2,151.12 1 0
kr/paasta/monitoring/openstack/controller/alarm_notification_controller.go:144.27,146.3 1 0
kr/paasta/monitoring/openstack/controller/alarm_notification_controller.go:148.30,150.3 1 0
kr/paasta/monitoring/openstack/controller/login_controller.go:23.151,30.2 1 1
kr/paasta/monitoring/openstack/controller/login_controller.go:32.71,38.20 4 1
kr/paasta/monitoring/openstack/controller/login_controller.go:45.2,45.34 1 1
kr/paasta/monitoring/openstack/controller/login_controller.go:38.20,40.3 1 1
kr/paasta/monitoring/openstack/controller/login_controller.go:40.3,43.3 2 0
kr/paasta/monitoring/openstack/controller/login_controller.go:50.72,60.46 5 1
kr/paasta/monitoring/openstack/controller/login_controller.go:60.46,62.3 1 0
kr/paasta/monitoring/openstack/controller/login_controller.go:62.3,68.17 4 1
kr/paasta/monitoring/openstack/controller/login_controller.go:68.17,72.4 3 0
kr/paasta/monitoring/openstack/controller/login_controller.go:72.4,74.17 2 1
kr/paasta/monitoring/openstack/controller/login_controller.go:80.4,83.23 3 1
kr/paasta/monitoring/openstack/controller/login_controller.go:74.17,78.5 3 0
kr/paasta/monitoring/openstack/controller/login_controller.go:83.23,87.5 2 0
kr/paasta/monitoring/openstack/controller/login_controller.go:87.5,92.23 2 1
kr/paasta/monitoring/openstack/controller/login_controller.go:98.5,107.23 6 1
kr/paasta/monitoring/openstack/controller/login_controller.go:114.5,125.11 7 1
kr/paasta/monitoring/openstack/controller/login_controller.go:92.23,94.6 1 1
kr/paasta/monitoring/openstack/controller/login_controller.go:94.6,96.6 1 0
kr/paasta/monitoring/openstack/controller/login_controller.go:107.23,109.6 1 1
kr/paasta/monitoring/openstack/controller/login_controller.go:109.6,112.6 1 0
kr/paasta/monitoring/openstack/controller/login_controller.go:132.73,141.46 5 1
kr/paasta/monitoring/openstack/controller/login_controller.go:141.46,143.3 1 0
kr/paasta/monitoring/openstack/controller/login_controller.go:143.3,150.46 5 1
kr/paasta/monitoring/openstack/controller/login_controller.go:162.3,163.41 2 1
kr/paasta/monitoring/openstack/controller/login_controller.go:150.46,151.22 1 1
kr/paasta/monitoring/openstack/controller/login_controller.go:151.22,152.33 1 1
kr/paasta/monitoring/openstack/controller/login_controller.go:152.33,154.6 1 0
kr/paasta/monitoring/openstack/controller/login_controller.go:155.5,156.30 1 0
kr/paasta/monitoring/openstack/controller/login_controller.go:156.30,158.6 1 0
kr/paasta/monitoring/openstack/controller/login_controller.go:168.50,170.30 1 1
kr/paasta/monitoring/openstack/controller/login_controller.go:174.2,174.30 1 1
kr/paasta/monitoring/openstack/controller/login_controller.go:178.2,178.12 1 1
kr/paasta/monitoring/openstack/controller/login_controller.go:170.30,172.3 1 0
kr/paasta/monitoring/openstack/controller/login_controller.go:174.30,176.3 1 0
kr/paasta/monitoring/openstack/controller/project_controller.go:16.126,21.2 1 1
kr/paasta/monitoring/openstack/controller/project_controller.go:23.81,33.16 6 1
kr/paasta/monitoring/openstack/controller/project_controller.go:33.16,35.3 1 0
kr/paasta/monitoring/openstack/controller/project_controller.go:35.3,37.3 1 1
kr/paasta/monitoring/openstack/controller/project_controller.go:40.89,54.23 7 1
kr/paasta/monitoring/openstack/controller/project_controller.go:60.2,63.16 3 1
kr/paasta/monitoring/openstack/controller/project_controller.go:54.23,58.3 3 0
kr/paasta/monitoring/openstack/controller/project_controller.go:63.16,65.3 1 0
kr/paasta/monitoring/openstack/controller/project_controller.go:65.3,67.3 1 1
kr/paasta/monitoring/openstack/controller/project_controller.go:71.90,82.23 8 1
kr/paasta/monitoring/openstack/controller/project_controller.go:87.2,89.16 3 1
kr/paasta/monitoring/openstack/controller/project_controller.go:82.23,86.3 3 0
kr/paasta/monitoring/openstack/controller/project_controller.go:89.16,91.3 1 0
kr/paasta/monitoring/openstack/controller/project_controller.go:91.3,93.3 1 1
kr/paasta/monitoring/openstack/controller/project_controller.go:97.93,108.23 8 1
kr/paasta/monitoring/openstack/controller/project_controller.go:113.2,115.16 3 1
kr/paasta/monitoring/openstack/controller/project_controller.go:108.23,112.3 3 0
kr/paasta/monitoring/openstack/controller/project_controller.go:115.16,117.3 1 0
kr/paasta/monitoring/openstack/controller/project_controller.go:117.3,119.3 1 1
kr/paasta/monitoring/openstack/controller/project_controller.go:123.90,134.23 8 1
kr/paasta/monitoring/openstack/controller/project_controller.go:140.2,142.16 3 1
kr/paasta/monitoring/openstack/controller/project_controller.go:134.23,138.3 3 0
kr/paasta/monitoring/openstack/controller/project_controller.go:142.16,144.3 1 0
kr/paasta/monitoring/openstack/controller/project_controller.go:144.3,146.3 1 1
kr/paasta/monitoring/openstack/controller/project_controller.go:149.91,160.23 8 1
kr/paasta/monitoring/openstack/controller/project_controller.go:165.2,167.16 3 1
kr/paasta/monitoring/openstack/controller/project_controller.go:160.23,164.3 3 0
kr/paasta/monitoring/openstack/controller/project_controller.go:167.16,169.3 1 0
kr/paasta/monitoring/openstack/controller/project_controller.go:169.3,171.3 1 1
kr/paasta/monitoring/openstack/controller/project_controller.go:175.91,186.23 8 1
kr/paasta/monitoring/openstack/controller/project_controller.go:191.2,193.16 3 1
kr/paasta/monitoring/openstack/controller/project_controller.go:186.23,190.3 3 0
kr/paasta/monitoring/openstack/controller/project_controller.go:193.16,195.3 1 0
kr/paasta/monitoring/openstack/controller/project_controller.go:195.3,197.3 1 1
kr/paasta/monitoring/openstack/controller/project_controller.go:200.96,211.23 8 1
kr/paasta/monitoring/openstack/controller/project_controller.go:216.2,218.16 3 1
kr/paasta/monitoring/openstack/controller/project_controller.go:211.23,215.3 3 0
kr/paasta/monitoring/openstack/controller/project_controller.go:218.16,220.3 1 0
kr/paasta/monitoring/openstack/controller/project_controller.go:220.3,222.3 1 1
kr/paasta/monitoring/openstack/controller/alarm_definition_controller.go:21.122,26.2 1 1
kr/paasta/monitoring/openstack/controller/alarm_definition_controller.go:29.98,40.30 7 0
kr/paasta/monitoring/openstack/controller/alarm_definition_controller.go:43.2,43.34 1 0
kr/paasta/monitoring/openstack/controller/alarm_definition_controller.go:46.2,46.32 1 0
kr/paasta/monitoring/openstack/controller/alarm_definition_controller.go:49.2,49.31 1 0
kr/paasta/monitoring/openstack/controller/alarm_definition_controller.go:52.2,57.16 4 0
kr/paasta/monitoring/openstack/controller/alarm_definition_controller.go:40.30,42.3 1 0
kr/paasta/monitoring/openstack/controller/alarm_definition_controller.go:43.34,45.3 1 0
kr/paasta/monitoring/openstack/controller/alarm_definition_controller.go:46.32,48.3 1 0
kr/paasta/monitoring/openstack/controller/alarm_definition_controller.go:49.31,51.3 1 0
kr/paasta/monitoring/openstack/controller/alarm_definition_controller.go:57.16,59.3 1 0
kr/paasta/monitoring/openstack/controller/alarm_definition_controller.go:59.3,61.3 1 0
kr/paasta/monitoring/openstack/controller/alarm_definition_controller.go:65.94,71.16 4 0
kr/paasta/monitoring/openstack/controller/alarm_definition_controller.go:71.16,73.3 1 0
kr/paasta/monitoring/openstack/controller/alarm_definition_controller.go:73.3,75.3 1 0
kr/paasta/monitoring/openstack/controller/alarm_definition_controller.go:78.97,82.16 3 0
kr/paasta/monitoring/openstack/controller/alarm_definition_controller.go:88.2,90.23 2 0
kr/paasta/monitoring/openstack/controller/alarm_definition_controller.go:96.2,101.20 4 0
kr/paasta/monitoring/openstack/controller/alarm_definition_controller.go:82.16,86.3 3 0
kr/paasta/monitoring/openstack/controller/alarm_definition_controller.go:90.23,94.3 3 0
kr/paasta/monitoring/openstack/controller/alarm_definition_controller.go:101.20,103.3 1 0
kr/paasta/monitoring/openstack/controller/alarm_definition_controller.go:103.3,105.3 1 0
kr/paasta/monitoring/openstack/controller/alarm_definition_controller.go:110.97,116.16 4 0
kr/paasta/monitoring/openstack/controller/alarm_definition_controller.go:121.2,126.20 4 0
kr/paasta/monitoring/openstack/controller/alarm_definition_controller.go:116.16,120.3 3 0
kr/paasta/monitoring/openstack/controller/alarm_definition_controller.go:126.20,128.3 1 0
kr/paasta/monitoring/openstack/controller/alarm_definition_controller.go:128.3,130.3 1 0
kr/paasta/monitoring/openstack/controller/alarm_definition_controller.go:134.97,140.16 4 0
kr/paasta/monitoring/openstack/controller/alarm_definition_controller.go:140.16,142.3 1 0
kr/paasta/monitoring/openstack/controller/alarm_definition_controller.go:142.3,144.3 1 0
kr/paasta/monitoring/openstack/controller/alarm_definition_controller.go:148.74,150.27 1 0
kr/paasta/monitoring/openstack/controller/alarm_definition_controller.go:154.2,154.33 1 0
kr/paasta/monitoring/openstack/controller/alarm_definition_controller.go:158.2,158.39 1 0
kr/paasta/monitoring/openstack/controller/alarm_definition_controller.go:162.2,162.12 1 0
kr/paasta/monitoring/openstack/controller/alarm_definition_controller.go:150.27,152.3 1 0
kr/paasta/monitoring/openstack/controller/alarm_definition_controller.go:154.33,156.3 1 0
kr/paasta/monitoring/openstack/controller/alarm_definition_controller.go:158.39,160.3 1 0
kr/paasta/monitoring/openstack/controller/alarm_status_controller.go:23.128,29.2 1 1
kr/paasta/monitoring/openstack/controller/alarm_status_controller.go:32.92,36.31 3 0
kr/paasta/monitoring/openstack/controller/alarm_status_controller.go:39.2,44.22 4 0
kr/paasta/monitoring/openstack/controller/alarm_status_controller.go:36.31,38.3 1 0
kr/paasta/monitoring/openstack/controller/alarm_status_controller.go:44.22,46.3 1 0
kr/paasta/monitoring/openstack/controller/alarm_status_controller.go:46.3,48.3 1 0
kr/paasta/monitoring/openstack/controller/alarm_status_controller.go:51.91,61.34 7 0
kr/paasta/monitoring/openstack/controller/alarm_status_controller.go:64.2,64.31 1 0
kr/paasta/monitoring/openstack/controller/alarm_status_controller.go:67.2,67.32 1 0
kr/paasta/monitoring/openstack/controller/alarm_status_controller.go:70.2,70.31 1 0
kr/paasta/monitoring/openstack/controller/alarm_status_controller.go:74.2,80.22 4 0
kr/paasta/monitoring/openstack/controller/alarm_status_controller.go:61.34,63.3 1 0
kr/paasta/monitoring/openstack/controller/alarm_status_controller.go:64.31,66.3 1 0
kr/paasta/monitoring/openstack/controller/alarm_status_controller.go:67.32,69.3 1 0
kr/paasta/monitoring/openstack/controller/alarm_status_controller.go:70.31,72.3 1 0
kr/paasta/monitoring/openstack/controller/alarm_status_controller.go:80.22,82.3 1 0
kr/paasta/monitoring/openstack/controller/alarm_status_controller.go:82.3,84.3 1 0
kr/paasta/monitoring/openstack/controller/alarm_status_controller.go:88.87,96.22 4 0
kr/paasta/monitoring/openstack/controller/alarm_status_controller.go:96.22,98.3 1 0
kr/paasta/monitoring/openstack/controller/alarm_status_controller.go:98.3,100.3 1 0
kr/paasta/monitoring/openstack/controller/alarm_status_controller.go:104.92,113.35 5 0
kr/paasta/monitoring/openstack/controller/alarm_status_controller.go:119.2,122.16 2 0
kr/paasta/monitoring/openstack/controller/alarm_status_controller.go:113.35,115.3 1 0
kr/paasta/monitoring/openstack/controller/alarm_status_controller.go:115.3,117.3 1 0
kr/paasta/monitoring/openstack/controller/alarm_status_controller.go:122.16,124.3 1 0
kr/paasta/monitoring/openstack/controller/alarm_status_controller.go:124.3,126.3 1 0
kr/paasta/monitoring/openstack/controller/alarm_status_controller.go:129.99,135.22 4 0
kr/paasta/monitoring/openstack/controller/alarm_status_controller.go:135.22,137.3 1 0
kr/paasta/monitoring/openstack/controller/alarm_status_controller.go:137.3,139.3 1 0
kr/paasta/monitoring/openstack/controller/alarm_status_controller.go:143.98,147.16 3 0
kr/paasta/monitoring/openstack/controller/alarm_status_controller.go:153.2,155.16 2 0
kr/paasta/monitoring/openstack/controller/alarm_status_controller.go:147.16,151.3 3 0
kr/paasta/monitoring/openstack/controller/alarm_status_controller.go:155.16,157.3 1 0
kr/paasta/monitoring/openstack/controller/alarm_status_controller.go:157.3,161.3 3 0
kr/paasta/monitoring/openstack/controller/alarm_status_controller.go:167.98,174.16 5 0
kr/paasta/monitoring/openstack/controller/alarm_status_controller.go:180.2,182.16 2 0
kr/paasta/monitoring/openstack/controller/alarm_status_controller.go:174.16,178.3 3 0
kr/paasta/monitoring/openstack/controller/alarm_status_controller.go:182.16,184.3 1 0
kr/paasta/monitoring/openstack/controller/alarm_status_controller.go:184.3,188.3 3 0
kr/paasta/monitoring/openstack/controller/alarm_status_controller.go:193.98,201.16 5 0
kr/paasta/monitoring/openstack/controller/alarm_status_controller.go:201.16,203.3 1 0
kr/paasta/monitoring/openstack/controller/alarm_status_controller.go:203.3,207.3 3 0
kr/paasta/monitoring/openstack/controller/compute_node_controller.go:18.121,23.2 1 1
kr/paasta/monitoring/openstack/controller/compute_node_controller.go:25.82,32.16 5 1
kr/paasta/monitoring/openstack/controller/compute_node_controller.go:32.16,34.3 1 0
kr/paasta/monitoring/openstack/controller/compute_node_controller.go:34.3,36.3 1 1
kr/paasta/monitoring/openstack/controller/compute_node_controller.go:41.86,52.23 8 1
kr/paasta/monitoring/openstack/controller/compute_node_controller.go:57.2,59.16 3 1
kr/paasta/monitoring/openstack/controller/compute_node_controller.go:52.23,56.3 3 0
kr/paasta/monitoring/openstack/controller/compute_node_controller.go:59.16,61.3 1 0
kr/paasta/monitoring/openstack/controller/compute_node_controller.go:61.3,63.3 1 1
kr/paasta/monitoring/openstack/controller/compute_node_controller.go:67.85,78.23 8 1
kr/paasta/monitoring/openstack/controller/compute_node_controller.go:83.2,85.16 3 1
kr/paasta/monitoring/openstack/controller/compute_node_controller.go:78.23,82.3 3 0
kr/paasta/monitoring/openstack/controller/compute_node_controller.go:85.16,87.3 1 0
kr/paasta/monitoring/openstack/controller/compute_node_controller.go:87.3,89.3 1 1
kr/paasta/monitoring/openstack/controller/compute_node_controller.go:93.89,104.23 8 1
kr/paasta/monitoring/openstack/controller/compute_node_controller.go:109.2,111.16 3 1
kr/paasta/monitoring/openstack/controller/compute_node_controller.go:104.23,108.3 3 0
kr/paasta/monitoring/openstack/controller/compute_node_controller.go:111.16,113.3 1 0
kr/paasta/monitoring/openstack/controller/compute_node_controller.go:113.3,115.3 1 1
kr/paasta/monitoring/openstack/controller/compute_node_controller.go:119.88,130.23 8 1
kr/paasta/monitoring/openstack/controller/compute_node_controller.go:135.2,137.16 3 1
kr/paasta/monitoring/openstack/controller/compute_node_controller.go:130.23,134.3 3 0
kr/paasta/monitoring/openstack/controller/compute_node_controller.go:137.16,139.3 1 0
kr/paasta/monitoring/openstack/controller/compute_node_controller.go:139.3,141.3 1 1
kr/paasta/monitoring/openstack/controller/compute_node_controller.go:146.87,157.23 8 1
kr/paasta/monitoring/openstack/controller/compute_node_controller.go:162.2,164.16 3 1
kr/paasta/monitoring/openstack/controller/compute_node_controller.go:157.23,161.3 3 0
kr/paasta/monitoring/openstack/controller/compute_node_controller.go:164.16,166.3 1 0
kr/paasta/monitoring/openstack/controller/compute_node_controller.go:166.3,168.3 1 1
kr/paasta/monitoring/openstack/controller/compute_node_controller.go:174.88,185.23 8 1
kr/paasta/monitoring/openstack/controller/compute_node_controller.go:190.2,193.16 3 1
kr/paasta/monitoring/openstack/controller/compute_node_controller.go:185.23,189.3 3 0
kr/paasta/monitoring/openstack/controller/compute_node_controller.go:193.16,195.3 1 0
kr/paasta/monitoring/openstack/controller/compute_node_controller.go:195.3,197.3 1 1
kr/paasta/monitoring/openstack/controller/compute_node_controller.go:201.89,212.23 8 1
kr/paasta/monitoring/openstack/controller/compute_node_controller.go:218.2,220.16 3 1
kr/paasta/monitoring/openstack/controller/compute_node_controller.go:212.23,216.3 3 0
kr/paasta/monitoring/openstack/controller/compute_node_controller.go:220.16,222.3 1 0
kr/paasta/monitoring/openstack/controller/compute_node_controller.go:222.3,224.3 1 1
kr/paasta/monitoring/openstack/controller/compute_node_controller.go:229.95,240.23 8 1
kr/paasta/monitoring/openstack/controller/compute_node_controller.go:245.2,247.16 3 1
kr/paasta/monitoring/openstack/controller/compute_node_controller.go:240.23,244.3 3 0
kr/paasta/monitoring/openstack/controller/compute_node_controller.go:247.16,249.3 1 0
kr/paasta/monitoring/openstack/controller/compute_node_controller.go:249.3,251.3 1 1
kr/paasta/monitoring/openstack/controller/compute_node_controller.go:255.95,266.23 8 1
kr/paasta/monitoring/openstack/controller/compute_node_controller.go:271.2,274.16 3 1
kr/paasta/monitoring/openstack/controller/compute_node_controller.go:266.23,270.3 3 0
kr/paasta/monitoring/openstack/controller/compute_node_controller.go:274.16,276.3 1 0
kr/paasta/monitoring/openstack/controller/compute_node_controller.go:276.3,278.3 1 1
kr/paasta/monitoring/openstack/controller/compute_node_controller.go:283.98,294.23 8 1
kr/paasta/monitoring/openstack/controller/compute_node_controller.go:299.2,301.16 3 1
kr/paasta/monitoring/openstack/controller/compute_node_controller.go:294.23,298.3 3 0
kr/paasta/monitoring/openstack/controller/compute_node_controller.go:301.16,303.3 1 0
kr/paasta/monitoring/openstack/controller/compute_node_controller.go:303.3,305.3 1 1
kr/paasta/monitoring/openstack/controller/log_controller.go:19.140,26.2 2 1
kr/paasta/monitoring/openstack/controller/log_controller.go:28.83,44.18 13 1
kr/paasta/monitoring/openstack/controller/log_controller.go:56.2,57.23 2 1
kr/paasta/monitoring/openstack/controller/log_controller.go:63.2,64.16 2 1
kr/paasta/monitoring/openstack/controller/log_controller.go:44.18,46.23 2 1
kr/paasta/monitoring/openstack/controller/log_controller.go:46.23,49.4 2 0
kr/paasta/monitoring/openstack/controller/log_controller.go:49.4,49.30 1 1
kr/paasta/monitoring/openstack/controller/log_controller.go:49.30,51.4 1 1
kr/paasta/monitoring/openstack/controller/log_controller.go:51.4,54.4 2 0
kr/paasta/monitoring/openstack/controller/log_controller.go:57.23,61.3 3 0
kr/paasta/monitoring/openstack/controller/log_controller.go:64.16,66.3 1 0
kr/paasta/monitoring/openstack/controller/log_controller.go:66.3,68.3 1 1
kr/paasta/monitoring/openstack/controller/log_controller.go:72.87,88.23 14 1
kr/paasta/monitoring/openstack/controller/log_controller.go:94.2,95.16 2 1
kr/paasta/monitoring/openstack/controller/log_controller.go:88.23,92.3 3 0
kr/paasta/monitoring/openstack/controller/log_controller.go:95.16,97.3 1 0
kr/paasta/monitoring/openstack/controller/log_controller.go:97.3,99.3 1 1
kr/paasta/monitoring/openstack/controller/main_controller.go:19.115,24.2 1 1
kr/paasta/monitoring/openstack/controller/main_controller.go:26.74,31.2 3 0
kr/paasta/monitoring/openstack/controller/main_controller.go:33.84,39.16 4 1
kr/paasta/monitoring/openstack/controller/main_controller.go:39.16,42.3 2 0
kr/paasta/monitoring/openstack/controller/main_controller.go:42.3,44.3 1 1
kr/paasta/monitoring/openstack/controller/manage_node_controller.go:17.123,22.2 1 1
kr/paasta/monitoring/openstack/controller/manage_node_controller.go:24.88,30.16 5 1
kr/paasta/monitoring/openstack/controller/manage_node_controller.go:30.16,32.3 1 0
kr/paasta/monitoring/openstack/controller/manage_node_controller.go:32.3,34.3 1 1
kr/paasta/monitoring/openstack/controller/manage_node_controller.go:38.82,43.16 3 1
kr/paasta/monitoring/openstack/controller/manage_node_controller.go:43.16,45.3 1 0
kr/paasta/monitoring/openstack/controller/manage_node_controller.go:45.3,47.3 1 1
kr/paasta/monitoring/openstack/controller/manage_node_controller.go:50.92,54.16 3 1
kr/paasta/monitoring/openstack/controller/manage_node_controller.go:54.16,56.3 1 0
kr/paasta/monitoring/openstack/controller/manage_node_controller.go:56.3,58.3 1 1
kr/paasta/monitoring/openstack/controller/manage_node_controller.go:62.89,69.16 5 1
kr/paasta/monitoring/openstack/controller/manage_node_controller.go:69.16,71.3 1 0
kr/paasta/monitoring/openstack/controller/manage_node_controller.go:71.3,73.3 1 1
kr/paasta/monitoring/openstack/controller/manage_node_controller.go:76.92,82.16 5 1
kr/paasta/monitoring/openstack/controller/manage_node_controller.go:82.16,84.3 1 0
kr/paasta/monitoring/openstack/controller/manage_node_controller.go:84.3,86.3 1 1
